TN:
SF:src/sdk.ts
FN:21,generateId
FN:25,now
FN:34,(anonymous_2)
FN:35,(anonymous_3)
FN:39,(anonymous_4)
FN:45,(anonymous_5)
FN:61,(anonymous_6)
FN:78,(anonymous_7)
FN:88,(anonymous_8)
FN:110,(anonymous_9)
FN:117,(anonymous_10)
FN:131,(anonymous_11)
FN:140,(anonymous_12)
FN:150,(anonymous_13)
FN:158,(anonymous_14)
FN:161,(anonymous_15)
FN:173,(anonymous_16)
FN:174,(anonymous_17)
FN:175,(anonymous_18)
FN:185,(anonymous_19)
FN:189,(anonymous_20)
FN:194,(anonymous_21)
FN:210,(anonymous_22)
FN:217,(anonymous_23)
FN:227,(anonymous_24)
FN:231,(anonymous_25)
FN:236,(anonymous_26)
FN:252,(anonymous_27)
FN:262,(anonymous_28)
FN:266,(anonymous_29)
FN:266,(anonymous_30)
FN:274,(anonymous_31)
FN:282,(anonymous_32)
FN:318,(anonymous_33)
FN:339,(anonymous_34)
FN:383,(anonymous_35)
FN:396,(anonymous_36)
FN:430,(anonymous_37)
FNF:38
FNH:38
FNDA:160,generateId
FNDA:193,now
FNDA:49,(anonymous_2)
FNDA:44,(anonymous_3)
FNDA:26,(anonymous_4)
FNDA:53,(anonymous_5)
FNDA:5,(anonymous_6)
FNDA:3,(anonymous_7)
FNDA:64,(anonymous_8)
FNDA:6,(anonymous_9)
FNDA:2,(anonymous_10)
FNDA:1,(anonymous_11)
FNDA:4,(anonymous_12)
FNDA:5,(anonymous_13)
FNDA:3,(anonymous_14)
FNDA:2,(anonymous_15)
FNDA:40,(anonymous_16)
FNDA:8,(anonymous_17)
FNDA:7,(anonymous_18)
FNDA:39,(anonymous_19)
FNDA:20,(anonymous_20)
FNDA:28,(anonymous_21)
FNDA:2,(anonymous_22)
FNDA:4,(anonymous_23)
FNDA:35,(anonymous_24)
FNDA:5,(anonymous_25)
FNDA:16,(anonymous_26)
FNDA:2,(anonymous_27)
FNDA:5,(anonymous_28)
FNDA:10,(anonymous_29)
FNDA:10,(anonymous_30)
FNDA:2,(anonymous_31)
FNDA:7,(anonymous_32)
FNDA:9,(anonymous_33)
FNDA:6,(anonymous_34)
FNDA:11,(anonymous_35)
FNDA:9,(anonymous_36)
FNDA:2,(anonymous_37)
DA:16,2
DA:22,160
DA:26,193
DA:30,2
DA:35,49
DA:40,26
DA:41,26
DA:46,53
DA:47,53
DA:56,53
DA:57,53
DA:70,5
DA:71,5
DA:72,4
DA:73,4
DA:74,4
DA:79,3
DA:80,3
DA:81,3
DA:89,64
DA:90,64
DA:92,63
DA:93,63
DA:101,63
DA:102,63
DA:106,63
DA:111,6
DA:112,6
DA:114,6
DA:119,2
DA:124,6
DA:125,1
DA:128,5
DA:132,1
DA:136,5
DA:137,1
DA:140,4
DA:141,4
DA:143,4
DA:155,5
DA:156,5
DA:158,4
DA:159,4
DA:161,2
DA:162,2
DA:164,2
DA:174,40
DA:175,40
DA:177,7
DA:178,7
DA:186,39
DA:189,20
DA:197,28
DA:198,28
DA:205,28
DA:206,28
DA:211,2
DA:212,2
DA:213,2
DA:218,4
DA:219,4
DA:220,4
DA:228,35
DA:231,5
DA:239,16
DA:240,16
DA:247,16
DA:248,16
DA:253,2
DA:254,2
DA:255,2
DA:263,5
DA:264,5
DA:266,10
DA:267,4
DA:268,4
DA:270,4
DA:275,2
DA:276,2
DA:283,7
DA:284,7
DA:286,6
DA:291,6
DA:296,6
DA:324,9
DA:325,9
DA:327,6
DA:328,6
DA:329,6
DA:330,6
DA:333,3
DA:334,3
DA:335,3
DA:336,3
DA:339,6
DA:341,6
DA:342,6
DA:343,6
DA:348,5
DA:353,6
DA:354,3
DA:355,3
DA:356,3
DA:361,6
DA:362,0
DA:363,0
DA:364,0
DA:369,6
DA:370,6
DA:371,6
DA:384,11
DA:386,11
DA:387,9
DA:390,11
DA:394,11
DA:396,11
DA:398,9
DA:399,8
DA:402,1
DA:408,9
DA:409,9
DA:410,3
DA:415,9
DA:416,9
DA:417,2
DA:422,9
DA:431,2
DA:433,2
DA:434,2
DA:437,2
DA:441,2
DA:442,2
LF:132
LH:129
BRDA:41,0,0,24
BRDA:41,0,1,2
BRDA:41,1,0,26
BRDA:41,1,1,25
BRDA:45,2,0,53
BRDA:71,3,0,1
BRDA:71,3,1,4
BRDA:80,4,0,3
BRDA:80,4,1,0
BRDA:90,5,0,1
BRDA:90,5,1,63
BRDA:112,6,0,0
BRDA:112,6,1,6
BRDA:119,7,0,2
BRDA:119,7,1,1
BRDA:119,7,2,0
BRDA:124,8,0,1
BRDA:124,8,1,5
BRDA:132,9,0,1
BRDA:132,9,1,1
BRDA:132,9,2,1
BRDA:136,10,0,1
BRDA:136,10,1,4
BRDA:141,11,0,4
BRDA:141,11,1,0
BRDA:156,12,0,1
BRDA:156,12,1,4
BRDA:159,13,0,2
BRDA:159,13,1,2
BRDA:159,14,0,4
BRDA:159,14,1,3
BRDA:162,15,0,2
BRDA:162,15,1,0
BRDA:177,16,0,7
BRDA:177,16,1,6
BRDA:219,17,0,4
BRDA:219,17,1,0
BRDA:254,18,0,2
BRDA:254,18,1,0
BRDA:264,19,0,1
BRDA:264,19,1,4
BRDA:284,20,0,1
BRDA:284,20,1,6
BRDA:300,21,0,6
BRDA:300,21,1,0
BRDA:325,22,0,6
BRDA:325,22,1,3
BRDA:325,23,0,9
BRDA:325,23,1,9
BRDA:343,24,0,5
BRDA:343,24,1,1
BRDA:344,25,0,6
BRDA:344,25,1,3
BRDA:344,25,2,2
BRDA:344,25,3,1
BRDA:355,26,0,3
BRDA:355,26,1,0
BRDA:355,27,0,3
BRDA:355,27,1,0
BRDA:363,28,0,0
BRDA:363,28,1,0
BRDA:363,29,0,0
BRDA:363,29,1,0
BRDA:370,30,0,0
BRDA:370,30,1,6
BRDA:387,31,0,8
BRDA:387,31,1,1
BRDA:390,32,0,8
BRDA:390,32,1,1
BRDA:398,33,0,8
BRDA:398,33,1,1
BRDA:409,34,0,3
BRDA:409,34,1,6
BRDA:409,35,0,9
BRDA:409,35,1,8
BRDA:416,36,0,2
BRDA:416,36,1,7
BRDA:416,37,0,9
BRDA:416,37,1,8
BRDA:434,38,0,1
BRDA:434,38,1,1
BRDA:437,39,0,1
BRDA:437,39,1,1
BRF:83
BRH:68
end_of_record
TN:
SF:src/domain/entities/index.ts
FNF:0
FNH:0
DA:3,2
DA:14,2
DA:32,2
DA:46,2
DA:60,2
DA:70,2
DA:84,2
LF:7
LH:7
BRF:0
BRH:0
end_of_record
TN:
SF:src/domain/services/balances.ts
FN:18,calculateBalances
FN:40,(anonymous_1)
FN:73,(anonymous_2)
FN:83,calculateSettlements
FN:96,(anonymous_4)
FN:97,(anonymous_5)
FNF:6
FNH:6
FNDA:15,calculateBalances
FNDA:8,(anonymous_1)
FNDA:43,(anonymous_2)
FNDA:7,calculateSettlements
FNDA:2,(anonymous_4)
FNDA:3,(anonymous_5)
DA:23,15
DA:25,15
DA:26,43
DA:29,15
DA:30,18
DA:33,17
DA:39,18
DA:40,3
DA:41,8
DA:44,3
DA:45,8
DA:46,8
DA:47,8
DA:50,14
DA:51,14
DA:52,38
DA:61,15
DA:62,1
DA:63,1
DA:67,1
DA:73,43
DA:84,7
DA:85,7
DA:87,7
DA:88,19
DA:89,8
DA:90,11
DA:91,9
DA:96,7
DA:97,7
DA:99,7
DA:100,7
DA:101,7
DA:103,7
DA:104,11
DA:105,11
DA:106,11
DA:112,11
DA:113,11
DA:115,11
DA:116,11
DA:119,7
LF:42
LH:42
BRDA:30,0,0,1
BRDA:30,0,1,17
BRDA:35,1,0,17
BRDA:35,1,1,0
BRDA:39,2,0,3
BRDA:39,2,1,14
BRDA:39,3,0,18
BRDA:39,3,1,4
BRDA:41,4,0,8
BRDA:41,4,1,0
BRDA:45,5,0,8
BRDA:45,5,1,0
BRDA:46,6,0,8
BRDA:46,6,1,0
BRDA:47,7,0,8
BRDA:47,7,1,0
BRDA:54,8,0,38
BRDA:54,8,1,0
BRDA:62,9,0,0
BRDA:62,9,1,1
BRDA:65,10,0,1
BRDA:65,10,1,0
BRDA:69,11,0,1
BRDA:69,11,1,0
BRDA:75,12,0,43
BRDA:75,12,1,0
BRDA:88,13,0,8
BRDA:88,13,1,11
BRDA:90,14,0,9
BRDA:90,14,1,2
BRDA:103,15,0,7
BRDA:103,15,1,11
BRDA:105,16,0,11
BRDA:105,16,1,0
BRDA:115,17,0,8
BRDA:115,17,1,3
BRDA:116,18,0,9
BRDA:116,18,1,2
BRF:38
BRH:27
end_of_record
TN:
SF:src/domain/services/sync.ts
FN:45,canonicalJson
FN:46,(anonymous_1)
FN:54,groupMeta
FN:60,checkExpenseIntegrity
FN:73,checkPaymentIntegrity
FN:87,computeSyncMerge
FN:127,(anonymous_6)
FN:161,(anonymous_7)
FN:182,(anonymous_8)
FN:185,(anonymous_9)
FN:231,(anonymous_10)
FNF:11
FNH:11
FNDA:66,canonicalJson
FNDA:600,(anonymous_1)
FNDA:12,groupMeta
FNDA:11,checkExpenseIntegrity
FNDA:11,checkPaymentIntegrity
FNDA:11,computeSyncMerge
FNDA:16,(anonymous_6)
FNDA:33,(anonymous_7)
FNDA:21,(anonymous_8)
FNDA:8,(anonymous_9)
FNDA:8,(anonymous_10)
DA:46,66
DA:47,600
DA:55,12
DA:56,12
DA:61,11
DA:62,1
DA:64,10
DA:65,20
DA:66,0
DA:69,10
DA:74,11
DA:75,1
DA:77,10
DA:78,0
DA:80,10
DA:93,11
DA:102,11
DA:104,11
DA:105,2
DA:106,2
DA:107,9
DA:108,2
DA:109,2
DA:110,7
DA:111,1
DA:114,6
DA:115,1
DA:116,1
DA:122,5
DA:127,16
DA:128,11
DA:130,11
DA:131,21
DA:132,21
DA:133,5
DA:134,5
DA:135,5
DA:136,16
DA:137,2
DA:138,2
DA:139,2
DA:140,14
DA:141,0
DA:142,0
DA:145,14
DA:146,0
DA:147,0
DA:153,14
DA:154,14
DA:160,11
DA:161,33
DA:162,0
DA:168,11
DA:169,11
DA:170,21
DA:175,11
DA:176,11
DA:182,21
DA:185,11
DA:186,11
DA:188,11
DA:190,11
DA:191,0
DA:192,0
DA:193,0
DA:194,0
DA:197,11
DA:198,11
DA:199,1
DA:200,1
DA:201,1
DA:204,10
DA:205,10
DA:206,2
DA:207,2
DA:208,8
DA:209,2
DA:210,2
DA:211,6
DA:212,0
DA:213,0
DA:216,6
DA:217,0
DA:218,0
DA:224,6
DA:225,6
DA:231,11
DA:232,11
DA:234,11
DA:236,11
DA:237,0
DA:238,0
DA:239,0
DA:240,0
DA:243,11
DA:244,11
DA:245,1
DA:246,1
DA:247,1
DA:250,10
DA:251,10
DA:252,2
DA:253,2
DA:254,8
DA:255,1
DA:256,1
DA:257,7
DA:258,0
DA:259,0
DA:262,7
DA:263,0
DA:264,0
DA:270,7
DA:271,7
DA:276,11
LF:115
LH:92
BRDA:47,0,0,66
BRDA:47,0,1,534
BRDA:47,1,0,600
BRDA:47,1,1,510
BRDA:47,1,2,78
BRDA:61,2,0,1
BRDA:61,2,1,10
BRDA:65,3,0,0
BRDA:65,3,1,20
BRDA:74,4,0,1
BRDA:74,4,1,10
BRDA:77,5,0,0
BRDA:77,5,1,10
BRDA:104,6,0,2
BRDA:104,6,1,9
BRDA:107,7,0,2
BRDA:107,7,1,7
BRDA:110,8,0,1
BRDA:110,8,1,6
BRDA:114,9,0,1
BRDA:114,9,1,5
BRDA:127,10,0,11
BRDA:127,10,1,2
BRDA:132,11,0,5
BRDA:132,11,1,16
BRDA:136,12,0,2
BRDA:136,12,1,14
BRDA:140,13,0,0
BRDA:140,13,1,14
BRDA:145,14,0,0
BRDA:145,14,1,14
BRDA:161,15,0,0
BRDA:161,15,1,21
BRDA:175,16,0,7
BRDA:175,16,1,4
BRDA:175,17,0,11
BRDA:175,17,1,5
BRDA:190,18,0,0
BRDA:190,18,1,11
BRDA:198,19,0,1
BRDA:198,19,1,10
BRDA:205,20,0,2
BRDA:205,20,1,8
BRDA:208,21,0,2
BRDA:208,21,1,6
BRDA:211,22,0,0
BRDA:211,22,1,6
BRDA:216,23,0,0
BRDA:216,23,1,6
BRDA:236,24,0,0
BRDA:236,24,1,11
BRDA:244,25,0,1
BRDA:244,25,1,10
BRDA:251,26,0,2
BRDA:251,26,1,8
BRDA:254,27,0,1
BRDA:254,27,1,7
BRDA:257,28,0,0
BRDA:257,28,1,7
BRDA:262,29,0,0
BRDA:262,29,1,7
BRF:61
BRH:50
end_of_record
TN:
SF:src/infra/db/index.ts
FNF:0
FNH:0
DA:4,2
DA:10,2
LF:2
LH:2
BRF:0
BRH:0
end_of_record
TN:
SF:src/store/index.ts
FN:31,(anonymous_0)
FN:38,(anonymous_1)
FN:46,(anonymous_2)
FN:54,(anonymous_3)
FN:60,(anonymous_4)
FN:65,(anonymous_5)
FN:70,(anonymous_6)
FN:76,(anonymous_7)
FN:82,(anonymous_8)
FN:88,(anonymous_9)
FN:96,(anonymous_10)
FN:104,(anonymous_11)
FN:105,(anonymous_12)
FN:115,(anonymous_13)
FN:120,(anonymous_14)
FN:121,(anonymous_15)
FN:126,(anonymous_16)
FN:130,(anonymous_17)
FN:137,(anonymous_18)
FN:145,(anonymous_19)
FNF:20
FNH:17
FNDA:1,(anonymous_0)
FNDA:40,(anonymous_1)
FNDA:29,(anonymous_2)
FNDA:13,(anonymous_3)
FNDA:1,(anonymous_4)
FNDA:1,(anonymous_5)
FNDA:16,(anonymous_6)
FNDA:1,(anonymous_7)
FNDA:1,(anonymous_8)
FNDA:5,(anonymous_9)
FNDA:1,(anonymous_10)
FNDA:1,(anonymous_11)
FNDA:1,(anonymous_12)
FNDA:2,(anonymous_13)
FNDA:1,(anonymous_14)
FNDA:1,(anonymous_15)
FNDA:2,(anonymous_16)
FNDA:0,(anonymous_17)
FNDA:0,(anonymous_18)
FNDA:0,(anonymous_19)
DA:31,1
DA:39,40
DA:43,40
DA:47,29
DA:51,29
DA:55,13
DA:56,13
DA:57,13
DA:61,1
DA:62,1
DA:66,1
DA:67,1
DA:71,16
DA:72,16
DA:73,16
DA:77,1
DA:78,1
DA:79,1
DA:83,1
DA:84,1
DA:85,1
DA:89,5
DA:90,5
DA:97,1
DA:98,1
DA:105,1
DA:106,1
DA:107,1
DA:108,1
DA:116,2
DA:117,2
DA:121,1
DA:122,1
DA:123,1
DA:127,2
DA:131,0
DA:132,0
DA:133,0
DA:134,0
DA:135,0
DA:136,0
DA:137,0
DA:138,0
DA:139,0
DA:140,0
DA:141,0
DA:142,0
DA:146,0
DA:147,0
DA:148,0
LF:50
LH:35
BRDA:107,0,0,1
BRDA:107,0,1,0
BRDA:123,1,0,1
BRDA:123,1,1,0
BRDA:137,2,0,0
BRDA:137,2,1,0
BRF:6
BRH:2
end_of_record
